F:\program\API\WebApp\wwwroot\html\dist\assets\vendors\summernote\built\base\core\env.js
F:\program\API\WebApp\wwwroot\html\dist\assets\vendors\summernote\built\base\core\env.js.map
F:\program\API\WebApp\wwwroot\html\dist\assets\vendors\summernote\built\base\core\func.js
F:\program\API\WebApp\wwwroot\html\dist\assets\vendors\summernote\built\base\core\func.js.map
F:\program\API\WebApp\wwwroot\html\dist\assets\vendors\summernote\built\base\core\lists.js
F:\program\API\WebApp\wwwroot\html\dist\assets\vendors\summernote\built\base\core\lists.js.map
F:\program\API\WebApp\wwwroot\html\dist\assets\vendors\summernote\built\base\core\dom.js
F:\program\API\WebApp\wwwroot\html\dist\assets\vendors\summernote\built\base\core\dom.js.map
F:\program\API\WebApp\wwwroot\html\dist\assets\vendors\summernote\built\base\Context.js
F:\program\API\WebApp\wwwroot\html\dist\assets\vendors\summernote\built\base\Context.js.map
F:\program\API\WebApp\wwwroot\html\dist\assets\vendors\summernote\built\summernote.js
F:\program\API\WebApp\wwwroot\html\dist\assets\vendors\summernote\built\summernote.js.map
F:\program\API\WebApp\wwwroot\html\dist\assets\vendors\summernote\built\base\renderer.js
F:\program\API\WebApp\wwwroot\html\dist\assets\vendors\summernote\built\base\renderer.js.map
F:\program\API\WebApp\wwwroot\html\dist\assets\vendors\summernote\built\base\summernote-en-US.js
F:\program\API\WebApp\wwwroot\html\dist\assets\vendors\summernote\built\base\summernote-en-US.js.map
F:\program\API\WebApp\wwwroot\html\dist\assets\vendors\summernote\built\base\core\async.js
F:\program\API\WebApp\wwwroot\html\dist\assets\vendors\summernote\built\base\core\async.js.map
F:\program\API\WebApp\wwwroot\html\dist\assets\vendors\summernote\built\base\core\key.js
F:\program\API\WebApp\wwwroot\html\dist\assets\vendors\summernote\built\base\core\key.js.map
F:\program\API\WebApp\wwwroot\html\dist\assets\vendors\summernote\built\base\core\range.js
F:\program\API\WebApp\wwwroot\html\dist\assets\vendors\summernote\built\base\core\range.js.map
F:\program\API\WebApp\wwwroot\html\dist\assets\vendors\summernote\built\base\editing\Bullet.js
F:\program\API\WebApp\wwwroot\html\dist\assets\vendors\summernote\built\base\editing\Bullet.js.map
F:\program\API\WebApp\wwwroot\html\dist\assets\vendors\summernote\built\base\editing\History.js
F:\program\API\WebApp\wwwroot\html\dist\assets\vendors\summernote\built\base\editing\History.js.map
F:\program\API\WebApp\wwwroot\html\dist\assets\vendors\summernote\built\base\editing\Style.js
F:\program\API\WebApp\wwwroot\html\dist\assets\vendors\summernote\built\base\editing\Style.js.map
F:\program\API\WebApp\wwwroot\html\dist\assets\vendors\summernote\built\base\editing\Table.js
F:\program\API\WebApp\wwwroot\html\dist\assets\vendors\summernote\built\base\editing\Table.js.map
F:\program\API\WebApp\wwwroot\html\dist\assets\vendors\summernote\built\base\editing\Typing.js
F:\program\API\WebApp\wwwroot\html\dist\assets\vendors\summernote\built\base\editing\Typing.js.map
F:\program\API\WebApp\wwwroot\html\dist\assets\vendors\summernote\built\base\module\AirPopover.js
F:\program\API\WebApp\wwwroot\html\dist\assets\vendors\summernote\built\base\module\AirPopover.js.map
F:\program\API\WebApp\wwwroot\html\dist\assets\vendors\summernote\built\base\module\AutoLink.js
F:\program\API\WebApp\wwwroot\html\dist\assets\vendors\summernote\built\base\module\AutoLink.js.map
F:\program\API\WebApp\wwwroot\html\dist\assets\vendors\summernote\built\base\module\AutoSync.js
F:\program\API\WebApp\wwwroot\html\dist\assets\vendors\summernote\built\base\module\AutoSync.js.map
F:\program\API\WebApp\wwwroot\html\dist\assets\vendors\summernote\built\base\module\Buttons.js
F:\program\API\WebApp\wwwroot\html\dist\assets\vendors\summernote\built\base\module\Buttons.js.map
F:\program\API\WebApp\wwwroot\html\dist\assets\vendors\summernote\built\base\module\Clipboard.js
F:\program\API\WebApp\wwwroot\html\dist\assets\vendors\summernote\built\base\module\Clipboard.js.map
F:\program\API\WebApp\wwwroot\html\dist\assets\vendors\summernote\built\base\module\Codeview.js
F:\program\API\WebApp\wwwroot\html\dist\assets\vendors\summernote\built\base\module\Codeview.js.map
F:\program\API\WebApp\wwwroot\html\dist\assets\vendors\summernote\built\base\module\Dropzone.js
F:\program\API\WebApp\wwwroot\html\dist\assets\vendors\summernote\built\base\module\Dropzone.js.map
F:\program\API\WebApp\wwwroot\html\dist\assets\vendors\summernote\built\base\module\Editor.js
F:\program\API\WebApp\wwwroot\html\dist\assets\vendors\summernote\built\base\module\Editor.js.map
F:\program\API\WebApp\wwwroot\html\dist\assets\vendors\summernote\built\base\module\Fullscreen.js
F:\program\API\WebApp\wwwroot\html\dist\assets\vendors\summernote\built\base\module\Fullscreen.js.map
F:\program\API\WebApp\wwwroot\html\dist\assets\vendors\summernote\built\base\module\Handle.js
F:\program\API\WebApp\wwwroot\html\dist\assets\vendors\summernote\built\base\module\Handle.js.map
F:\program\API\WebApp\wwwroot\html\dist\assets\vendors\summernote\built\base\module\HelpDialog.js
F:\program\API\WebApp\wwwroot\html\dist\assets\vendors\summernote\built\base\module\HelpDialog.js.map
F:\program\API\WebApp\wwwroot\html\dist\assets\vendors\summernote\built\base\module\HintPopover.js
F:\program\API\WebApp\wwwroot\html\dist\assets\vendors\summernote\built\base\module\HintPopover.js.map
F:\program\API\WebApp\wwwroot\html\dist\assets\vendors\summernote\built\base\module\ImageDialog.js
F:\program\API\WebApp\wwwroot\html\dist\assets\vendors\summernote\built\base\module\ImageDialog.js.map
F:\program\API\WebApp\wwwroot\html\dist\assets\vendors\summernote\built\base\module\ImagePopover.js
F:\program\API\WebApp\wwwroot\html\dist\assets\vendors\summernote\built\base\module\ImagePopover.js.map
F:\program\API\WebApp\wwwroot\html\dist\assets\vendors\summernote\built\base\module\LinkDialog.js
F:\program\API\WebApp\wwwroot\html\dist\assets\vendors\summernote\built\base\module\LinkDialog.js.map
F:\program\API\WebApp\wwwroot\html\dist\assets\vendors\summernote\built\base\module\LinkPopover.js
F:\program\API\WebApp\wwwroot\html\dist\assets\vendors\summernote\built\base\module\LinkPopover.js.map
F:\program\API\WebApp\wwwroot\html\dist\assets\vendors\summernote\built\base\module\Placeholder.js
F:\program\API\WebApp\wwwroot\html\dist\assets\vendors\summernote\built\base\module\Placeholder.js.map
F:\program\API\WebApp\wwwroot\html\dist\assets\vendors\summernote\built\base\module\Statusbar.js
F:\program\API\WebApp\wwwroot\html\dist\assets\vendors\summernote\built\base\module\Statusbar.js.map
F:\program\API\WebApp\wwwroot\html\dist\assets\vendors\summernote\built\base\module\TablePopover.js
F:\program\API\WebApp\wwwroot\html\dist\assets\vendors\summernote\built\base\module\TablePopover.js.map
F:\program\API\WebApp\wwwroot\html\dist\assets\vendors\summernote\built\base\module\Toolbar.js
F:\program\API\WebApp\wwwroot\html\dist\assets\vendors\summernote\built\base\module\Toolbar.js.map
F:\program\API\WebApp\wwwroot\html\dist\assets\vendors\summernote\built\base\module\VideoDialog.js
F:\program\API\WebApp\wwwroot\html\dist\assets\vendors\summernote\built\base\module\VideoDialog.js.map
F:\program\API\WebApp\wwwroot\html\dist\assets\vendors\summernote\built\bs3\ui.js
F:\program\API\WebApp\wwwroot\html\dist\assets\vendors\summernote\built\bs3\ui.js.map
F:\program\API\WebApp\wwwroot\html\dist\assets\vendors\summernote\built\bs3\settings.js
F:\program\API\WebApp\wwwroot\html\dist\assets\vendors\summernote\built\bs3\settings.js.map
F:\program\API\WebApp\wwwroot\html\dist\assets\vendors\summernote\built\bs4\ui.js
F:\program\API\WebApp\wwwroot\html\dist\assets\vendors\summernote\built\bs4\ui.js.map
F:\program\API\WebApp\wwwroot\html\dist\assets\vendors\summernote\built\bs4\settings.js
F:\program\API\WebApp\wwwroot\html\dist\assets\vendors\summernote\built\bs4\settings.js.map
F:\program\API\WebApp\wwwroot\html\dist\assets\vendors\summernote\built\lite\ui\TooltipUI.js
F:\program\API\WebApp\wwwroot\html\dist\assets\vendors\summernote\built\lite\ui\TooltipUI.js.map
F:\program\API\WebApp\wwwroot\html\dist\assets\vendors\summernote\built\lite\ui\DropdownUI.js
F:\program\API\WebApp\wwwroot\html\dist\assets\vendors\summernote\built\lite\ui\DropdownUI.js.map
F:\program\API\WebApp\wwwroot\html\dist\assets\vendors\summernote\built\lite\ui\ModalUI.js
F:\program\API\WebApp\wwwroot\html\dist\assets\vendors\summernote\built\lite\ui\ModalUI.js.map
F:\program\API\WebApp\wwwroot\html\dist\assets\vendors\summernote\built\lite\ui.js
F:\program\API\WebApp\wwwroot\html\dist\assets\vendors\summernote\built\lite\ui.js.map
F:\program\API\WebApp\wwwroot\html\dist\assets\vendors\summernote\built\lite\settings.js
F:\program\API\WebApp\wwwroot\html\dist\assets\vendors\summernote\built\lite\settings.js.map
F:\program\API\WebApp\wwwroot\html\dist\assets\vendors\summernote\built\lite\ui\PopoverUI.js
F:\program\API\WebApp\wwwroot\html\dist\assets\vendors\summernote\built\lite\ui\PopoverUI.js.map
